d:\source\repos\fileprotector\fileprotector\x64\release\vc143.pdb
d:\source\repos\fileprotector\fileprotector\x64\release\mini_filter.obj
d:\source\repos\fileprotector\fileprotector\x64\release\main.obj
d:\source\repos\fileprotector\fileprotector\x64\release\filenameinfo.obj
d:\source\repos\fileprotector\x64\release\fileprotector.sys
d:\source\repos\fileprotector\x64\release\fileprotector.pdb
d:\source\repos\fileprotector\fileprotector\x64\release\fileprotector.inf
d:\source\repos\fileprotector\x64\release\fileprotector.cer
d:\source\repos\fileprotector\x64\release\fileprotector.inf
d:\source\repos\fileprotector\fileprotector\x64\release\fileprotector.tlog\cl.command.1.tlog
d:\source\repos\fileprotector\fileprotector\x64\release\fileprotector.tlog\cl.items.tlog
d:\source\repos\fileprotector\fileprotector\x64\release\fileprotector.tlog\cl.read.1.tlog
d:\source\repos\fileprotector\fileprotector\x64\release\fileprotector.tlog\cl.write.1.tlog
d:\source\repos\fileprotector\fileprotector\x64\release\fileprotector.tlog\inf2cat-expand.10664.read.1.tlog
d:\source\repos\fileprotector\fileprotector\x64\release\fileprotector.tlog\inf2cat-expand.10664.write.1.tlog
d:\source\repos\fileprotector\fileprotector\x64\release\fileprotector.tlog\inf2cat-expand.1532.read.1.tlog
d:\source\repos\fileprotector\fileprotector\x64\release\fileprotector.tlog\inf2cat-expand.1532.write.1.tlog
d:\source\repos\fileprotector\fileprotector\x64\release\fileprotector.tlog\inf2cat-expand.2684.read.1.tlog
d:\source\repos\fileprotector\fileprotector\x64\release\fileprotector.tlog\inf2cat-expand.2684.write.1.tlog
d:\source\repos\fileprotector\fileprotector\x64\release\fileprotector.tlog\inf2cat-expand.5016.read.1.tlog
d:\source\repos\fileprotector\fileprotector\x64\release\fileprotector.tlog\inf2cat-expand.5016.write.1.tlog
d:\source\repos\fileprotector\fileprotector\x64\release\fileprotector.tlog\inf2cat-expand.5412.read.1.tlog
d:\source\repos\fileprotector\fileprotector\x64\release\fileprotector.tlog\inf2cat-expand.5412.write.1.tlog
d:\source\repos\fileprotector\fileprotector\x64\release\fileprotector.tlog\inf2cat-expand.6044.read.1.tlog
d:\source\repos\fileprotector\fileprotector\x64\release\fileprotector.tlog\inf2cat-expand.6044.write.1.tlog
d:\source\repos\fileprotector\fileprotector\x64\release\fileprotector.tlog\inf2cat-expand.read.1.tlog
d:\source\repos\fileprotector\fileprotector\x64\release\fileprotector.tlog\inf2cat-expand.write.1.tlog
d:\source\repos\fileprotector\fileprotector\x64\release\fileprotector.tlog\inf2cat.command.1.tlog
d:\source\repos\fileprotector\fileprotector\x64\release\fileprotector.tlog\inf2cat.read.1.tlog
d:\source\repos\fileprotector\fileprotector\x64\release\fileprotector.tlog\inf2cat.write.1.tlog
d:\source\repos\fileprotector\fileprotector\x64\release\fileprotector.tlog\link.command.1.tlog
d:\source\repos\fileprotector\fileprotector\x64\release\fileprotector.tlog\link.read.1.tlog
d:\source\repos\fileprotector\fileprotector\x64\release\fileprotector.tlog\link.write.1.tlog
d:\source\repos\fileprotector\fileprotector\x64\release\fileprotector.tlog\signtool.command.1.tlog
d:\source\repos\fileprotector\fileprotector\x64\release\fileprotector.tlog\signtool.read.1.tlog
d:\source\repos\fileprotector\fileprotector\x64\release\fileprotector.tlog\signtool.timestamp.1.tlog
d:\source\repos\fileprotector\fileprotector\x64\release\fileprotector.tlog\signtool.write.1.tlog
d:\source\repos\fileprotector\fileprotector\x64\release\fileprotector.tlog\stampinf.command.1.tlog
d:\source\repos\fileprotector\fileprotector\x64\release\fileprotector.tlog\stampinf.read.1.tlog
d:\source\repos\fileprotector\fileprotector\x64\release\fileprotector.tlog\stampinf.write.1.tlog
